time="2025-04-03T17:37:15+03:00" level=info msg="Successfully connected to database" func="main.main()" file="main.go:28"
time="2025-04-03T17:43:29+03:00" level=info msg="Successfully connected to database" func="main.main()" file="main.go:28"
time="2025-04-03T17:44:06+03:00" level=error msg="&{0xc00029e000 0xc00007e500 0xc000078280 0xcd7a20 false false false {{} {0 0}} {{} 0} 0xc00024f440 {0xc0000002a0 map[] false false} map[] false 0 -1 0 false false false [] {{} 0} [0 0 0 0 0 0 0 0 0 0 0 0 0 0 0 0 0 0 0 0 0 0 0 0 0 0 0 0 0] [0 0 0 0 0 0 0 0 0 0] [0 0 0] 0xc0000224d0 {{} 0}}bad request400" func="todos3/todos-api/handler.(*handler).createUser()" file="users.go:19"
time="2025-04-03T17:44:47+03:00" level=info msg="Successfully connected to database" func="main.main()" file="main.go:28"
time="2025-04-03T17:44:50+03:00" level=info msg="&{0xc0000a6000 0xc00009e140 0xc00031e000 0xd27a20 false false false {{} {0 0}} {{} 0} 0xc00031e040 {0xc000328000 map[] false false} map[] false 0 -1 0 false false false [] {{} 0} [0 0 0 0 0 0 0 0 0 0 0 0 0 0 0 0 0 0 0 0 0 0 0 0 0 0 0 0 0] [0 0 0 0 0 0 0 0 0 0] [0 0 0] 0xc000322070 {{} 0}}email already exist500" func="todos3/todos-api/handler.(*handler).createUser()" file="users.go:44"
time="2025-04-03T17:47:01+03:00" level=info msg="Successfully connected to database" func="main.main()" file="main.go:28"
time="2025-04-03T17:47:03+03:00" level=warning msg="user is already registered" func="todos3/todos-api/handler.(*handler).createUser()" file="users.go:44" email=user3@gmail.com
time="2025-04-03T17:47:03+03:00" level=info msg="&{0xc00013d8c0 0xc00018c000 0xc00018e040 0x807a20 false false false {{} {0 0}} {{} 0} 0xc00018e080 {0xc0001ac000 map[] false false} map[] false 0 -1 0 false false false [] {{} 0} [0 0 0 0 0 0 0 0 0 0 0 0 0 0 0 0 0 0 0 0 0 0 0 0 0 0 0 0 0] [0 0 0 0 0 0 0 0 0 0] [0 0 0] 0xc0001820e0 {{} 0}}email already exist500" func="todos3/todos-api/handler.(*handler).createUser()" file="users.go:45"
time="2025-04-03T17:50:13+03:00" level=info msg="Successfully connected to database" func="main.main()" file="main.go:28"
time="2025-04-03T17:50:15+03:00" level=warning msg="user is already exist" func="todos3/todos-api/handler.(*handler).createUser()" file="users.go:44" email=user3@gmail.com
time="2025-04-08T10:34:30+03:00" level=info msg="Successfully connected to database" func="main.main()" file="main.go:28"
time="2025-04-08T10:37:20+03:00" level=info msg="Successfully connected to database" func="main.main()" file="main.go:28"
time="2025-04-08T10:37:53+03:00" level=info msg="Successfully connected to database" func="main.main()" file="main.go:28"
time="2025-04-08T11:08:16+03:00" level=info msg="Successfully connected to database" func="main.main()" file="main.go:28"
time="2025-04-08T11:08:18+03:00" level=error msg="error getting user: %!w(*errors.errorString=&{sql: no rows in result set})" func="todos3/todos-api/storer.(*PostgresStorer).GetUser()" file="users_storer_postgres.go:29"
time="2025-04-08T11:08:27+03:00" level=error msg="error getting user: %!w(*errors.errorString=&{sql: no rows in result set})" func="todos3/todos-api/storer.(*PostgresStorer).GetUser()" file="users_storer_postgres.go:29"
time="2025-04-08T11:10:38+03:00" level=error msg="error getting user: %!w(*errors.errorString=&{sql: no rows in result set})" func="todos3/todos-api/storer.(*PostgresStorer).GetUser()" file="users_storer_postgres.go:29"
time="2025-04-08T11:10:55+03:00" level=info msg="Successfully connected to database" func="main.main()" file="main.go:28"
time="2025-04-08T11:12:19+03:00" level=info msg="Successfully connected to database" func="main.main()" file="main.go:28"
time="2025-04-08T11:12:26+03:00" level=error msg="error getting user: %!w(*errors.errorString=&{sql: no rows in result set})" func="todos3/todos-api/storer.(*PostgresStorer).GetUser()" file="users_storer_postgres.go:29"
time="2025-04-08T11:12:48+03:00" level=error msg="error getting user: %!w(*errors.errorString=&{sql: no rows in result set})" func="todos3/todos-api/storer.(*PostgresStorer).GetUser()" file="users_storer_postgres.go:29"
time="2025-04-08T11:12:59+03:00" level=error msg="error getting user: %!w(*errors.errorString=&{sql: no rows in result set})" func="todos3/todos-api/storer.(*PostgresStorer).GetUser()" file="users_storer_postgres.go:29"
time="2025-04-08T11:13:12+03:00" level=info msg="Successfully connected to database" func="main.main()" file="main.go:28"
time="2025-04-08T11:30:57+03:00" level=info msg="Successfully connected to database" func="main.main()" file="main.go:28"
time="2025-04-08T11:32:36+03:00" level=info msg="Successfully connected to database" func="main.main()" file="main.go:28"
time="2025-04-08T11:32:53+03:00" level=error msg="error getting user: %!w(*errors.errorString=&{sql: no rows in result set})" func="todos3/todos-api/storer.(*PostgresStorer).GetUser()" file="users_storer_postgres.go:29"
time="2025-04-08T11:33:05+03:00" level=info msg="Successfully connected to database" func="main.main()" file="main.go:28"
time="2025-04-08T11:33:06+03:00" level=error msg="error getting user: %!w(*errors.errorString=&{sql: no rows in result set})" func="todos3/todos-api/storer.(*PostgresStorer).GetUser()" file="users_storer_postgres.go:29"
time="2025-04-08T11:33:29+03:00" level=error msg="error getting user: %!w(*errors.errorString=&{sql: no rows in result set})" func="todos3/todos-api/storer.(*PostgresStorer).GetUser()" file="users_storer_postgres.go:29"
time="2025-04-08T11:33:33+03:00" level=error msg="error getting user: %!w(*errors.errorString=&{sql: no rows in result set})" func="todos3/todos-api/storer.(*PostgresStorer).GetUser()" file="users_storer_postgres.go:29"
time="2025-04-08T11:33:36+03:00" level=error msg="error getting user: %!w(*errors.errorString=&{sql: no rows in result set})" func="todos3/todos-api/storer.(*PostgresStorer).GetUser()" file="users_storer_postgres.go:29"
time="2025-04-08T11:35:09+03:00" level=info msg="Successfully connected to database" func="main.main()" file="main.go:28"
time="2025-04-08T11:35:11+03:00" level=error msg="error getting user: %!w(*errors.errorString=&{sql: no rows in result set})" func="todos3/todos-api/storer.(*PostgresStorer).GetUser()" file="users_storer_postgres.go:29"
time="2025-04-08T11:37:11+03:00" level=info msg="Successfully connected to database" func="main.main()" file="main.go:28"
time="2025-04-08T11:39:19+03:00" level=info msg="Successfully connected to database" func="main.main()" file="main.go:28"
time="2025-04-08T11:39:25+03:00" level=error msg="error getting user: %!w(*errors.errorString=&{sql: no rows in result set})" func="todos3/todos-api/storer.(*PostgresStorer).GetUser()" file="users_storer_postgres.go:29"
time="2025-04-08T11:39:40+03:00" level=info msg="Successfully connected to database" func="main.main()" file="main.go:28"
time="2025-04-08T11:39:42+03:00" level=error msg="error getting user: %!w(*errors.errorString=&{sql: no rows in result set})" func="todos3/todos-api/storer.(*PostgresStorer).GetUser()" file="users_storer_postgres.go:29"
time="2025-04-08T11:40:52+03:00" level=info msg="Successfully connected to database" func="main.main()" file="main.go:28"
time="2025-04-08T11:41:01+03:00" level=error msg="error getting user: %!w(*errors.errorString=&{sql: no rows in result set})" func="todos3/todos-api/storer.(*PostgresStorer).GetUser()" file="users_storer_postgres.go:29"
time="2025-04-08T11:42:10+03:00" level=info msg="Successfully connected to database" func="main.main()" file="main.go:28"
time="2025-04-08T11:42:12+03:00" level=error msg="error getting user: %!w(*errors.errorString=&{sql: no rows in result set})" func="todos3/todos-api/storer.(*PostgresStorer).GetUser()" file="users_storer_postgres.go:29"
time="2025-04-08T11:43:33+03:00" level=info msg="Successfully connected to database" func="main.main()" file="main.go:28"
time="2025-04-08T11:43:42+03:00" level=error msg="error getting user: %!w(*errors.errorString=&{sql: no rows in result set})" func="todos3/todos-api/storer.(*PostgresStorer).GetUser()" file="users_storer_postgres.go:29"
time="2025-04-08T11:44:10+03:00" level=info msg="Successfully connected to database" func="main.main()" file="main.go:28"
time="2025-04-08T11:44:16+03:00" level=error msg="error getting user: %!w(*errors.errorString=&{sql: no rows in result set})" func="todos3/todos-api/storer.(*PostgresStorer).GetUser()" file="users_storer_postgres.go:29"
time="2025-04-08T11:45:07+03:00" level=info msg="Successfully connected to database" func="main.main()" file="main.go:28"
time="2025-04-08T11:45:08+03:00" level=error msg="error getting user: %!w(*errors.errorString=&{sql: no rows in result set})" func="todos3/todos-api/storer.(*PostgresStorer).GetUser()" file="users_storer_postgres.go:29"
time="2025-04-08T11:45:44+03:00" level=info msg="Successfully connected to database" func="main.main()" file="main.go:28"
time="2025-04-08T11:45:56+03:00" level=error msg="error getting user: %!w(*errors.errorString=&{sql: no rows in result set})" func="todos3/todos-api/storer.(*PostgresStorer).GetUser()" file="users_storer_postgres.go:29"
time="2025-04-08T11:46:09+03:00" level=info msg="Successfully connected to database" func="main.main()" file="main.go:28"
time="2025-04-08T11:46:11+03:00" level=error msg="error getting user: %!w(*errors.errorString=&{sql: no rows in result set})" func="todos3/todos-api/storer.(*PostgresStorer).GetUser()" file="users_storer_postgres.go:29"
time="2025-04-08T11:48:11+03:00" level=info msg="Successfully connected to database" func="main.main()" file="main.go:28"
time="2025-04-08T11:48:14+03:00" level=error msg="error getting user: %!w(*errors.errorString=&{sql: no rows in result set})" func="todos3/todos-api/storer.(*PostgresStorer).GetUser()" file="users_storer_postgres.go:29"
time="2025-04-08T11:48:55+03:00" level=info msg="Successfully connected to database" func="main.main()" file="main.go:28"
time="2025-04-08T11:49:01+03:00" level=error msg="error getting user: %!w(*errors.errorString=&{sql: no rows in result set})" func="todos3/todos-api/storer.(*PostgresStorer).GetUser()" file="users_storer_postgres.go:29"
time="2025-04-08T11:49:30+03:00" level=info msg="Successfully connected to database" func="main.main()" file="main.go:28"
time="2025-04-08T11:49:35+03:00" level=error msg="error getting user: %!w(*errors.errorString=&{sql: no rows in result set})" func="todos3/todos-api/storer.(*PostgresStorer).GetUser()" file="users_storer_postgres.go:29"
time="2025-04-08T11:55:26+03:00" level=info msg="Successfully connected to database" func="main.main()" file="main.go:28"
time="2025-04-08T11:55:40+03:00" level=error msg="error getting user: %!w(*errors.errorString=&{sql: no rows in result set})" func="todos3/todos-api/storer.(*PostgresStorer).GetUser()" file="users_storer_postgres.go:29"
time="2025-04-08T11:56:36+03:00" level=info msg="Successfully connected to database" func="main.main()" file="main.go:28"
time="2025-04-08T12:00:17+03:00" level=info msg="Successfully connected to database" func="main.main()" file="main.go:28"
time="2025-04-08T12:12:05+03:00" level=info msg="Successfully connected to database" func="main.main()" file="main.go:28"
time="2025-04-08T12:17:44+03:00" level=info msg="Successfully connected to database" func="main.main()" file="main.go:28"
time="2025-04-08T12:17:56+03:00" level=error msg="error getting user: %!w(*errors.errorString=&{sql: no rows in result set})" func="todos3/todos-api/storer.(*PostgresStorer).GetUser()" file="users_storer_postgres.go:29"
time="2025-04-08T12:18:30+03:00" level=info msg="Successfully connected to database" func="main.main()" file="main.go:28"
time="2025-04-08T12:18:34+03:00" level=error msg="error getting user: %!w(*errors.errorString=&{sql: no rows in result set})" func="todos3/todos-api/storer.(*PostgresStorer).GetUser()" file="users_storer_postgres.go:29"
time="2025-04-08T12:18:41+03:00" level=error msg="error getting user: %!w(*errors.errorString=&{sql: no rows in result set})" func="todos3/todos-api/storer.(*PostgresStorer).GetUser()" file="users_storer_postgres.go:29"
time="2025-04-08T12:18:46+03:00" level=error msg="error getting user: %!w(*errors.errorString=&{sql: no rows in result set})" func="todos3/todos-api/storer.(*PostgresStorer).GetUser()" file="users_storer_postgres.go:29"
time="2025-04-08T12:19:04+03:00" level=error msg="error getting user: %!w(*errors.errorString=&{sql: no rows in result set})" func="todos3/todos-api/storer.(*PostgresStorer).GetUser()" file="users_storer_postgres.go:29"
time="2025-04-08T12:19:09+03:00" level=error msg="error getting user: %!w(*errors.errorString=&{sql: no rows in result set})" func="todos3/todos-api/storer.(*PostgresStorer).GetUser()" file="users_storer_postgres.go:29"
time="2025-04-08T12:20:01+03:00" level=info msg="Successfully connected to database" func="main.main()" file="main.go:28"
time="2025-04-08T12:20:03+03:00" level=error msg="error getting user: %!w(*errors.errorString=&{sql: no rows in result set})" func="todos3/todos-api/storer.(*PostgresStorer).GetUser()" file="users_storer_postgres.go:29"
time="2025-04-08T12:20:11+03:00" level=info msg="Successfully connected to database" func="main.main()" file="main.go:28"
time="2025-04-08T12:21:23+03:00" level=info msg="Successfully connected to database" func="main.main()" file="main.go:28"
time="2025-04-08T12:21:34+03:00" level=error msg="error getting user: %!w(*errors.errorString=&{sql: no rows in result set})" func="todos3/todos-api/storer.(*PostgresStorer).GetUser()" file="users_storer_postgres.go:29"
time="2025-04-08T12:21:48+03:00" level=error msg="error getting user: %!w(*errors.errorString=&{sql: no rows in result set})" func="todos3/todos-api/storer.(*PostgresStorer).GetUser()" file="users_storer_postgres.go:29"
time="2025-04-08T12:22:08+03:00" level=info msg="Successfully connected to database" func="main.main()" file="main.go:28"
time="2025-04-08T12:22:13+03:00" level=error msg="error getting user: %!w(*errors.errorString=&{sql: no rows in result set})" func="todos3/todos-api/storer.(*PostgresStorer).GetUser()" file="users_storer_postgres.go:29"
time="2025-04-08T12:22:47+03:00" level=info msg="Successfully connected to database" func="main.main()" file="main.go:28"
time="2025-04-08T12:22:52+03:00" level=error msg="error getting user: %!w(*errors.errorString=&{sql: no rows in result set})" func="todos3/todos-api/storer.(*PostgresStorer).GetUser()" file="users_storer_postgres.go:29"
time="2025-04-08T12:23:15+03:00" level=info msg="Successfully connected to database" func="main.main()" file="main.go:28"
time="2025-04-08T12:23:24+03:00" level=error msg="error getting user: %!w(*errors.errorString=&{sql: no rows in result set})" func="todos3/todos-api/storer.(*PostgresStorer).GetUser()" file="users_storer_postgres.go:29"
time="2025-04-09T20:31:31+03:00" level=info msg="Successfully connected to database" func="main.main()" file="main.go:28"
time="2025-04-09T20:31:44+03:00" level=error msg="error getting user: %!w(*errors.errorString=&{sql: no rows in result set})" func="todos3/todos-api/storer.(*PostgresStorer).GetUser()" file="users_storer_postgres.go:29"
time="2025-04-09T20:42:31+03:00" level=info msg="Successfully connected to database" func="main.main()" file="main.go:28"
time="2025-04-09T20:44:58+03:00" level=info msg="Successfully connected to database" func="main.main()" file="main.go:28"
time="2025-04-09T20:48:17+03:00" level=info msg="Successfully connected to database" func="main.main()" file="main.go:28"
time="2025-04-09T20:52:06+03:00" level=info msg="Successfully connected to database" func="main.main()" file="main.go:28"
time="2025-04-09T20:55:49+03:00" level=info msg="Successfully connected to database" func="main.main()" file="main.go:28"
